TN:
SF:src/Api/ClockifyApi/index.ts
FN:6,(anonymous_1)
FN:8,(anonymous_2)
FN:27,(anonymous_3)
FN:32,ClockifyAPI
FN:37,(anonymous_5)
FN:41,(anonymous_6)
FN:51,(anonymous_7)
FN:53,(anonymous_8)
FN:54,(anonymous_9)
FN:57,(anonymous_10)
FN:59,(anonymous_11)
FN:60,(anonymous_12)
FN:63,(anonymous_13)
FN:65,(anonymous_14)
FN:66,(anonymous_15)
FN:69,(anonymous_16)
FN:71,(anonymous_17)
FN:72,(anonymous_18)
FN:75,(anonymous_19)
FN:77,(anonymous_20)
FN:78,(anonymous_21)
FNF:21
FNH:8
FNDA:3,(anonymous_1)
FNDA:0,(anonymous_2)
FNDA:2,(anonymous_3)
FNDA:11,ClockifyAPI
FNDA:0,(anonymous_5)
FNDA:11,(anonymous_6)
FNDA:2,(anonymous_7)
FNDA:2,(anonymous_8)
FNDA:0,(anonymous_9)
FNDA:1,(anonymous_10)
FNDA:1,(anonymous_11)
FNDA:0,(anonymous_12)
FNDA:0,(anonymous_13)
FNDA:0,(anonymous_14)
FNDA:0,(anonymous_15)
FNDA:0,(anonymous_16)
FNDA:0,(anonymous_17)
FNDA:0,(anonymous_18)
FNDA:0,(anonymous_19)
FNDA:0,(anonymous_20)
FNDA:0,(anonymous_21)
DA:1,2
DA:2,2
DA:3,2
DA:6,3
DA:8,0
DA:27,2
DA:33,11
DA:34,11
DA:37,2
DA:38,0
DA:41,2
DA:42,11
DA:51,2
DA:52,2
DA:53,2
DA:54,0
DA:57,2
DA:58,1
DA:59,1
DA:60,0
DA:63,2
DA:64,0
DA:65,0
DA:66,0
DA:69,2
DA:70,0
DA:71,0
DA:72,0
DA:75,2
DA:76,0
DA:77,0
DA:78,0
DA:81,2
LF:33
LH:20
BRDA:51,0,0,0
BRDA:57,1,0,0
BRDA:57,2,0,1
BRDA:63,3,0,0
BRDA:63,4,0,0
BRDA:69,5,0,0
BRDA:69,6,0,0
BRDA:75,7,0,0
BRF:8
BRH:1
end_of_record
TN:
SF:src/Api/ReportsApi/index.ts
FN:4,(anonymous_7)
FN:5,(anonymous_9)
FNF:2
FNH:1
FNDA:2,(anonymous_7)
FNDA:0,(anonymous_9)
DA:1,2
DA:2,2
DA:4,2
DA:5,2
DA:6,0
DA:14,2
LF:6
LH:5
BRF:0
BRH:0
end_of_record
TN:
SF:src/Clockify/index.ts
FN:6,(anonymous_7)
FN:10,Clockify
FN:15,(anonymous_9)
FN:19,(anonymous_10)
FNF:4
FNH:2
FNDA:2,(anonymous_7)
FNDA:2,Clockify
FNDA:0,(anonymous_9)
FNDA:0,(anonymous_10)
DA:1,2
DA:2,2
DA:3,2
DA:4,2
DA:6,2
DA:11,2
DA:12,2
DA:15,2
DA:16,0
DA:19,2
DA:20,0
DA:23,2
LF:12
LH:10
BRDA:11,0,0,2
BRDA:11,0,1,2
BRF:2
BRH:2
end_of_record
TN:
SF:src/Clockify/Users/index.ts
FN:4,(anonymous_7)
FN:6,(anonymous_9)
FN:13,(anonymous_10)
FNF:3
FNH:1
FNDA:2,(anonymous_7)
FNDA:0,(anonymous_9)
FNDA:0,(anonymous_10)
DA:2,2
DA:4,2
DA:6,2
DA:7,0
DA:13,2
DA:14,0
DA:16,2
LF:7
LH:5
BRF:0
BRH:0
end_of_record
TN:
SF:src/Clockify/Workspaces/index.ts
FN:5,(anonymous_7)
FN:7,(anonymous_9)
FN:11,(anonymous_10)
FN:15,(anonymous_11)
FNF:4
FNH:2
FNDA:4,(anonymous_7)
FNDA:0,(anonymous_9)
FNDA:3,(anonymous_10)
FNDA:0,(anonymous_11)
DA:1,2
DA:2,2
DA:5,2
DA:7,2
DA:8,0
DA:11,2
DA:12,3
DA:15,2
DA:16,0
DA:19,2
LF:10
LH:8
BRF:0
BRH:0
end_of_record
TN:
SF:src/Clockify/Workspaces/Workspace/index.ts
FN:15,(anonymous_7)
FN:19,Workspace
FN:24,(anonymous_9)
FN:28,(anonymous_10)
FN:32,(anonymous_11)
FN:36,(anonymous_12)
FN:40,(anonymous_13)
FN:44,(anonymous_14)
FN:48,(anonymous_15)
FN:52,(anonymous_16)
FN:56,(anonymous_17)
FN:60,(anonymous_18)
FN:64,(anonymous_19)
FN:68,(anonymous_20)
FN:72,(anonymous_21)
FNF:15
FNH:4
FNDA:2,(anonymous_7)
FNDA:3,Workspace
FNDA:0,(anonymous_9)
FNDA:0,(anonymous_10)
FNDA:0,(anonymous_11)
FNDA:0,(anonymous_12)
FNDA:0,(anonymous_13)
FNDA:0,(anonymous_14)
FNDA:0,(anonymous_15)
FNDA:0,(anonymous_16)
FNDA:0,(anonymous_17)
FNDA:0,(anonymous_18)
FNDA:0,(anonymous_19)
FNDA:1,(anonymous_20)
FNDA:2,(anonymous_21)
DA:1,2
DA:2,2
DA:3,2
DA:4,2
DA:5,2
DA:6,2
DA:7,2
DA:8,2
DA:9,2
DA:10,2
DA:11,2
DA:12,2
DA:13,2
DA:15,2
DA:20,3
DA:21,3
DA:24,2
DA:25,0
DA:28,2
DA:29,0
DA:32,2
DA:33,0
DA:36,2
DA:37,0
DA:40,2
DA:41,0
DA:44,2
DA:45,0
DA:48,2
DA:49,0
DA:52,2
DA:53,0
DA:56,2
DA:57,0
DA:60,2
DA:61,0
DA:64,2
DA:65,0
DA:68,2
DA:69,1
DA:72,2
DA:73,2
DA:75,2
LF:43
LH:32
BRDA:20,0,0,3
BRDA:20,0,1,3
BRF:2
BRH:2
end_of_record
TN:
SF:src/Clockify/Workspaces/Workspace/Clients/index.ts
FN:6,(anonymous_7)
FN:10,Clients
FN:15,(anonymous_9)
FN:19,(anonymous_10)
FN:26,(anonymous_11)
FN:33,(anonymous_12)
FNF:6
FNH:1
FNDA:2,(anonymous_7)
FNDA:0,Clients
FNDA:0,(anonymous_9)
FNDA:0,(anonymous_10)
FNDA:0,(anonymous_11)
FNDA:0,(anonymous_12)
DA:1,2
DA:2,2
DA:6,2
DA:11,0
DA:12,0
DA:15,2
DA:16,0
DA:19,2
DA:20,0
DA:26,2
DA:27,0
DA:33,2
DA:34,0
DA:36,2
LF:14
LH:8
BRDA:11,0,0,0
BRDA:11,0,1,0
BRDA:26,1,0,0
BRF:3
BRH:0
end_of_record
TN:
SF:src/Clockify/Workspaces/Workspace/Clients/Client/index.ts
FN:8,(anonymous_7)
FN:13,Client
FN:19,(anonymous_9)
FN:26,(anonymous_10)
FN:33,(anonymous_11)
FN:40,(anonymous_12)
FNF:6
FNH:1
FNDA:2,(anonymous_7)
FNDA:0,Client
FNDA:0,(anonymous_9)
FNDA:0,(anonymous_10)
FNDA:0,(anonymous_11)
FNDA:0,(anonymous_12)
DA:1,2
DA:8,2
DA:14,0
DA:15,0
DA:16,0
DA:19,2
DA:20,0
DA:26,2
DA:27,0
DA:33,2
DA:34,0
DA:40,2
DA:41,0
DA:44,2
LF:14
LH:7
BRDA:14,0,0,0
BRDA:14,0,1,0
BRDA:26,1,0,0
BRF:3
BRH:0
end_of_record
TN:
SF:src/Clockify/Workspaces/Workspace/CustomFields/index.ts
FN:6,(anonymous_7)
FN:10,CustomFields
FN:15,(anonymous_9)
FN:22,(anonymous_10)
FNF:4
FNH:1
FNDA:2,(anonymous_7)
FNDA:0,CustomFields
FNDA:0,(anonymous_9)
FNDA:0,(anonymous_10)
DA:1,2
DA:6,2
DA:11,0
DA:12,0
DA:15,2
DA:16,0
DA:22,2
DA:23,0
DA:25,2
LF:9
LH:5
BRDA:11,0,0,0
BRDA:11,0,1,0
BRF:2
BRH:0
end_of_record
TN:
SF:src/Clockify/Workspaces/Workspace/ExpenseCategories/index.ts
FN:6,(anonymous_7)
FN:10,ExpenseCategories
FN:15,(anonymous_9)
FN:19,(anonymous_10)
FN:26,(anonymous_11)
FN:33,(anonymous_12)
FNF:6
FNH:1
FNDA:2,(anonymous_7)
FNDA:0,ExpenseCategories
FNDA:0,(anonymous_9)
FNDA:0,(anonymous_10)
FNDA:0,(anonymous_11)
FNDA:0,(anonymous_12)
DA:1,2
DA:2,2
DA:6,2
DA:11,0
DA:12,0
DA:15,2
DA:16,0
DA:19,2
DA:20,0
DA:26,2
DA:27,0
DA:33,2
DA:34,0
DA:36,2
LF:14
LH:8
BRDA:11,0,0,0
BRDA:11,0,1,0
BRDA:26,1,0,0
BRF:3
BRH:0
end_of_record
TN:
SF:src/Clockify/Workspaces/Workspace/ExpenseCategories/ExpenseCategory/index.ts
FN:6,(anonymous_7)
FN:13,ExpenseCategory
FN:19,(anonymous_9)
FN:26,(anonymous_10)
FN:37,(anonymous_11)
FNF:5
FNH:1
FNDA:2,(anonymous_7)
FNDA:0,ExpenseCategory
FNDA:0,(anonymous_9)
FNDA:0,(anonymous_10)
FNDA:0,(anonymous_11)
DA:1,2
DA:6,2
DA:14,0
DA:15,0
DA:16,0
DA:19,2
DA:20,0
DA:26,2
DA:29,0
DA:37,2
DA:38,0
DA:41,2
LF:12
LH:6
BRDA:14,0,0,0
BRDA:14,0,1,0
BRDA:26,1,0,0
BRF:3
BRH:0
end_of_record
TN:
SF:src/Clockify/Workspaces/Workspace/Expenses/index.ts
FN:6,(anonymous_7)
FN:10,Expenses
FN:15,(anonymous_9)
FN:19,(anonymous_10)
FN:26,(anonymous_11)
FN:34,(anonymous_12)
FNF:6
FNH:1
FNDA:2,(anonymous_7)
FNDA:0,Expenses
FNDA:0,(anonymous_9)
FNDA:0,(anonymous_10)
FNDA:0,(anonymous_11)
FNDA:0,(anonymous_12)
DA:1,2
DA:2,2
DA:6,2
DA:11,0
DA:12,0
DA:15,2
DA:16,0
DA:19,2
DA:20,0
DA:26,2
DA:27,0
DA:28,0
DA:34,2
DA:35,0
DA:37,2
LF:15
LH:8
BRDA:11,0,0,0
BRDA:11,0,1,0
BRDA:26,1,0,0
BRF:3
BRH:0
end_of_record
TN:
SF:src/Clockify/Workspaces/Workspace/Expenses/Expense/index.ts
FN:6,(anonymous_7)
FN:11,Expense
FN:17,(anonymous_9)
FN:24,(anonymous_10)
FN:31,(anonymous_11)
FNF:5
FNH:1
FNDA:2,(anonymous_7)
FNDA:0,Expense
FNDA:0,(anonymous_9)
FNDA:0,(anonymous_10)
FNDA:0,(anonymous_11)
DA:1,2
DA:6,2
DA:12,0
DA:13,0
DA:14,0
DA:17,2
DA:18,0
DA:24,2
DA:25,0
DA:31,2
DA:32,0
DA:35,2
LF:12
LH:6
BRDA:12,0,0,0
BRDA:12,0,1,0
BRDA:24,1,0,0
BRF:3
BRH:0
end_of_record
TN:
SF:src/Clockify/Workspaces/Workspace/Holiday/index.ts
FN:6,(anonymous_7)
FN:11,Holiday
FN:16,(anonymous_9)
FN:23,(anonymous_10)
FN:27,(anonymous_11)
FNF:5
FNH:5
FNDA:2,(anonymous_7)
FNDA:2,Holiday
FNDA:1,(anonymous_9)
FNDA:1,(anonymous_10)
FNDA:1,(anonymous_11)
DA:1,2
DA:4,2
DA:6,2
DA:12,2
DA:13,2
DA:16,2
DA:17,1
DA:23,2
DA:24,1
DA:27,2
DA:28,1
DA:30,2
LF:12
LH:12
BRDA:12,0,0,2
BRDA:12,0,1,2
BRF:2
BRH:2
end_of_record
TN:
SF:src/Clockify/Workspaces/Workspace/Holiday/HolidayByPeriod/index.ts
FN:5,(anonymous_7)
FN:10,HolidayByPeriod
FN:15,(anonymous_9)
FN:22,(anonymous_10)
FNF:4
FNH:4
FNDA:2,(anonymous_7)
FNDA:1,HolidayByPeriod
FNDA:1,(anonymous_9)
FNDA:1,(anonymous_10)
DA:1,2
DA:5,2
DA:11,1
DA:12,1
DA:15,2
DA:16,1
DA:22,2
DA:28,1
DA:30,2
LF:9
LH:9
BRDA:11,0,0,1
BRDA:11,0,1,1
BRF:2
BRH:2
end_of_record
TN:
SF:src/Clockify/Workspaces/Workspace/Projects/index.ts
FN:7,(anonymous_7)
FN:11,Projects
FN:16,(anonymous_9)
FN:20,(anonymous_10)
FN:28,(anonymous_11)
FN:35,(anonymous_12)
FNF:6
FNH:1
FNDA:2,(anonymous_7)
FNDA:0,Projects
FNDA:0,(anonymous_9)
FNDA:0,(anonymous_10)
FNDA:0,(anonymous_11)
FNDA:0,(anonymous_12)
DA:1,2
DA:4,2
DA:7,2
DA:12,0
DA:13,0
DA:16,2
DA:17,0
DA:20,2
DA:21,0
DA:28,2
DA:29,0
DA:35,2
DA:36,0
DA:38,2
LF:14
LH:8
BRDA:12,0,0,0
BRDA:12,0,1,0
BRDA:28,1,0,0
BRF:3
BRH:0
end_of_record
TN:
SF:src/Clockify/Workspaces/Workspace/Projects/Project/index.ts
FN:12,(anonymous_7)
FN:17,Project
FN:23,(anonymous_9)
FN:27,(anonymous_10)
FN:31,(anonymous_11)
FN:35,(anonymous_12)
FN:39,(anonymous_13)
FN:43,(anonymous_14)
FN:51,(anonymous_15)
FN:58,(anonymous_16)
FN:65,(anonymous_17)
FNF:11
FNH:1
FNDA:2,(anonymous_7)
FNDA:0,Project
FNDA:0,(anonymous_9)
FNDA:0,(anonymous_10)
FNDA:0,(anonymous_11)
FNDA:0,(anonymous_12)
FNDA:0,(anonymous_13)
FNDA:0,(anonymous_14)
FNDA:0,(anonymous_15)
FNDA:0,(anonymous_16)
FNDA:0,(anonymous_17)
DA:1,2
DA:3,2
DA:4,2
DA:5,2
DA:6,2
DA:7,2
DA:12,2
DA:18,0
DA:19,0
DA:20,0
DA:23,2
DA:24,0
DA:27,2
DA:28,0
DA:31,2
DA:32,0
DA:35,2
DA:36,0
DA:39,2
DA:40,0
DA:43,2
DA:44,0
DA:51,2
DA:52,0
DA:58,2
DA:59,0
DA:65,2
DA:66,0
DA:69,2
LF:29
LH:17
BRDA:18,0,0,0
BRDA:18,0,1,0
BRDA:51,1,0,0
BRDA:58,2,0,0
BRF:4
BRH:0
end_of_record
TN:
SF:src/Clockify/Workspaces/Workspace/Projects/Project/CustomFields/index.ts
FN:6,(anonymous_7)
FN:11,CustomFields
FN:17,(anonymous_9)
FN:21,(anonymous_10)
FN:28,(anonymous_11)
FNF:5
FNH:1
FNDA:2,(anonymous_7)
FNDA:0,CustomFields
FNDA:0,(anonymous_9)
FNDA:0,(anonymous_10)
FNDA:0,(anonymous_11)
DA:1,2
DA:3,2
DA:6,2
DA:12,0
DA:13,0
DA:14,0
DA:17,2
DA:18,0
DA:21,2
DA:22,0
DA:28,2
DA:29,0
DA:31,2
LF:13
LH:7
BRDA:12,0,0,0
BRDA:12,0,1,0
BRF:2
BRH:0
end_of_record
TN:
SF:src/Clockify/Workspaces/Workspace/Projects/Project/CustomFields/CustomField/index.ts
FN:4,(anonymous_7)
FN:10,CustomField
FN:17,(anonymous_9)
FN:24,(anonymous_10)
FN:31,(anonymous_11)
FNF:5
FNH:1
FNDA:2,(anonymous_7)
FNDA:0,CustomField
FNDA:0,(anonymous_9)
FNDA:0,(anonymous_10)
FNDA:0,(anonymous_11)
DA:1,2
DA:4,2
DA:11,0
DA:12,0
DA:13,0
DA:14,0
DA:17,2
DA:18,0
DA:24,2
DA:25,0
DA:31,2
DA:32,0
DA:34,2
LF:13
LH:6
BRDA:11,0,0,0
BRDA:11,0,1,0
BRF:2
BRH:0
end_of_record
TN:
SF:src/Clockify/Workspaces/Workspace/Projects/Project/Estimate/index.ts
FN:5,(anonymous_7)
FN:10,Estimate
FN:16,(anonymous_9)
FN:23,(anonymous_10)
FNF:4
FNH:1
FNDA:2,(anonymous_7)
FNDA:0,Estimate
FNDA:0,(anonymous_9)
FNDA:0,(anonymous_10)
DA:1,2
DA:5,2
DA:11,0
DA:12,0
DA:13,0
DA:16,2
DA:17,0
DA:23,2
DA:24,0
DA:27,2
LF:10
LH:5
BRDA:11,0,0,0
BRDA:11,0,1,0
BRF:2
BRH:0
end_of_record
TN:
SF:src/Clockify/Workspaces/Workspace/Projects/Project/Memberships/index.ts
FN:5,(anonymous_7)
FN:10,Memberships
FN:16,(anonymous_9)
FN:23,(anonymous_10)
FNF:4
FNH:1
FNDA:2,(anonymous_7)
FNDA:0,Memberships
FNDA:0,(anonymous_9)
FNDA:0,(anonymous_10)
DA:1,2
DA:5,2
DA:11,0
DA:12,0
DA:13,0
DA:16,2
DA:17,0
DA:23,2
DA:24,0
DA:27,2
LF:10
LH:5
BRDA:11,0,0,0
BRDA:11,0,1,0
BRF:2
BRH:0
end_of_record
TN:
SF:src/Clockify/Workspaces/Workspace/Projects/Project/Tasks/index.ts
FN:7,(anonymous_7)
FN:12,Tasks
FN:18,(anonymous_9)
FN:22,(anonymous_10)
FN:29,(anonymous_11)
FN:36,(anonymous_12)
FNF:6
FNH:1
FNDA:2,(anonymous_7)
FNDA:0,Tasks
FNDA:0,(anonymous_9)
FNDA:0,(anonymous_10)
FNDA:0,(anonymous_11)
FNDA:0,(anonymous_12)
DA:1,2
DA:2,2
DA:7,2
DA:13,0
DA:14,0
DA:15,0
DA:18,2
DA:19,0
DA:22,2
DA:23,0
DA:29,2
DA:30,0
DA:36,2
DA:37,0
DA:40,2
LF:15
LH:8
BRDA:13,0,0,0
BRDA:13,0,1,0
BRDA:29,1,0,0
BRF:3
BRH:0
end_of_record
TN:
SF:src/Clockify/Workspaces/Workspace/Projects/Project/Tasks/Task/index.ts
FN:6,(anonymous_7)
FN:12,Task
FN:19,(anonymous_9)
FN:26,(anonymous_10)
FN:33,(anonymous_11)
FN:40,(anonymous_12)
FNF:6
FNH:1
FNDA:2,(anonymous_7)
FNDA:0,Task
FNDA:0,(anonymous_9)
FNDA:0,(anonymous_10)
FNDA:0,(anonymous_11)
FNDA:0,(anonymous_12)
DA:1,2
DA:6,2
DA:13,0
DA:14,0
DA:15,0
DA:16,0
DA:19,2
DA:20,0
DA:26,2
DA:27,0
DA:33,2
DA:34,0
DA:40,2
DA:41,0
DA:44,2
LF:15
LH:7
BRDA:13,0,0,0
BRDA:13,0,1,0
BRF:2
BRH:0
end_of_record
TN:
SF:src/Clockify/Workspaces/Workspace/Projects/Project/Template/index.ts
FN:4,(anonymous_7)
FN:9,Template
FN:15,(anonymous_9)
FN:22,(anonymous_10)
FNF:4
FNH:1
FNDA:2,(anonymous_7)
FNDA:0,Template
FNDA:0,(anonymous_9)
FNDA:0,(anonymous_10)
DA:1,2
DA:4,2
DA:10,0
DA:11,0
DA:12,0
DA:15,2
DA:16,0
DA:22,2
DA:23,0
DA:26,2
LF:10
LH:5
BRDA:10,0,0,0
BRDA:10,0,1,0
BRF:2
BRH:0
end_of_record
TN:
SF:src/Clockify/Workspaces/Workspace/Reports/index.ts
FN:6,(anonymous_7)
FN:10,Reports
FN:15,(anonymous_9)
FN:19,(anonymous_10)
FN:23,(anonymous_11)
FNF:5
FNH:1
FNDA:2,(anonymous_7)
FNDA:0,Reports
FNDA:0,(anonymous_9)
FNDA:0,(anonymous_10)
FNDA:0,(anonymous_11)
DA:1,2
DA:2,2
DA:3,2
DA:4,2
DA:6,2
DA:11,0
DA:12,0
DA:15,2
DA:16,0
DA:19,2
DA:20,0
DA:23,2
DA:24,0
DA:26,2
LF:14
LH:9
BRDA:11,0,0,0
BRDA:11,0,1,0
BRF:2
BRH:0
end_of_record
TN:
SF:src/Clockify/Workspaces/Workspace/Reports/Detailed/index.ts
FN:6,(anonymous_7)
FN:9,Detailed
FN:14,(anonymous_9)
FN:18,(anonymous_10)
FNF:4
FNH:1
FNDA:2,(anonymous_7)
FNDA:0,Detailed
FNDA:0,(anonymous_9)
FNDA:0,(anonymous_10)
DA:4,2
DA:6,2
DA:10,0
DA:11,0
DA:14,2
DA:15,0
DA:18,2
DA:19,0
DA:21,2
LF:9
LH:5
BRDA:10,0,0,0
BRDA:10,0,1,0
BRF:2
BRH:0
end_of_record
TN:
SF:src/Clockify/Workspaces/Workspace/Reports/Expenses/index.ts
FN:6,(anonymous_7)
FN:9,Expenses
FN:14,(anonymous_9)
FN:18,(anonymous_10)
FNF:4
FNH:1
FNDA:2,(anonymous_7)
FNDA:0,Expenses
FNDA:0,(anonymous_9)
FNDA:0,(anonymous_10)
DA:2,2
DA:6,2
DA:10,0
DA:11,0
DA:14,2
DA:15,0
DA:18,2
DA:19,0
DA:21,2
LF:9
LH:5
BRDA:10,0,0,0
BRDA:10,0,1,0
BRF:2
BRH:0
end_of_record
TN:
SF:src/Clockify/Workspaces/Workspace/Reports/Summary/index.ts
FN:6,(anonymous_7)
FN:9,Summary
FN:14,(anonymous_9)
FN:18,(anonymous_10)
FNF:4
FNH:1
FNDA:2,(anonymous_7)
FNDA:0,Summary
FNDA:0,(anonymous_9)
FNDA:0,(anonymous_10)
DA:4,2
DA:6,2
DA:10,0
DA:11,0
DA:14,2
DA:15,0
DA:18,2
DA:19,0
DA:21,2
LF:9
LH:5
BRDA:10,0,0,0
BRDA:10,0,1,0
BRF:2
BRH:0
end_of_record
TN:
SF:src/Clockify/Workspaces/Workspace/Tags/index.ts
FN:6,(anonymous_7)
FN:9,Tags
FN:14,(anonymous_9)
FN:18,(anonymous_10)
FN:25,(anonymous_11)
FN:32,(anonymous_12)
FNF:6
FNH:1
FNDA:2,(anonymous_7)
FNDA:0,Tags
FNDA:0,(anonymous_9)
FNDA:0,(anonymous_10)
FNDA:0,(anonymous_11)
FNDA:0,(anonymous_12)
DA:1,2
DA:3,2
DA:6,2
DA:10,0
DA:11,0
DA:14,2
DA:15,0
DA:18,2
DA:19,0
DA:25,2
DA:26,0
DA:32,2
DA:33,0
DA:36,2
LF:14
LH:8
BRDA:10,0,0,0
BRDA:10,0,1,0
BRF:2
BRH:0
end_of_record
TN:
SF:src/Clockify/Workspaces/Workspace/Tags/Tag/index.ts
FN:4,(anonymous_7)
FN:9,Tag
FN:15,(anonymous_9)
FN:22,(anonymous_10)
FN:29,(anonymous_11)
FNF:5
FNH:1
FNDA:2,(anonymous_7)
FNDA:0,Tag
FNDA:0,(anonymous_9)
FNDA:0,(anonymous_10)
FNDA:0,(anonymous_11)
DA:1,2
DA:4,2
DA:10,0
DA:11,0
DA:12,0
DA:15,2
DA:16,0
DA:22,2
DA:23,0
DA:29,2
DA:30,0
DA:33,2
LF:12
LH:6
BRDA:10,0,0,0
BRDA:10,0,1,0
BRF:2
BRH:0
end_of_record
TN:
SF:src/Clockify/Workspaces/Workspace/TimeEntries/index.ts
FN:7,(anonymous_7)
FN:10,TimeEntries
FN:15,(anonymous_9)
FN:19,(anonymous_10)
FN:27,(anonymous_11)
FNF:5
FNH:1
FNDA:2,(anonymous_7)
FNDA:0,TimeEntries
FNDA:0,(anonymous_9)
FNDA:0,(anonymous_10)
FNDA:0,(anonymous_11)
DA:1,2
DA:2,2
DA:7,2
DA:11,0
DA:12,0
DA:15,2
DA:16,0
DA:19,2
DA:20,0
DA:27,2
DA:28,0
DA:31,2
LF:12
LH:7
BRDA:11,0,0,0
BRDA:11,0,1,0
BRF:2
BRH:0
end_of_record
TN:
SF:src/Clockify/Workspaces/Workspace/TimeEntries/TimeEntry/index.ts
FN:7,(anonymous_7)
FN:12,TimeEntry
FN:18,(anonymous_9)
FN:25,(anonymous_10)
FN:32,(anonymous_11)
FN:39,(anonymous_12)
FNF:6
FNH:1
FNDA:2,(anonymous_7)
FNDA:0,TimeEntry
FNDA:0,(anonymous_9)
FNDA:0,(anonymous_10)
FNDA:0,(anonymous_11)
FNDA:0,(anonymous_12)
DA:1,2
DA:7,2
DA:13,0
DA:14,0
DA:15,0
DA:18,2
DA:19,0
DA:25,2
DA:26,0
DA:32,2
DA:33,0
DA:39,2
DA:40,0
DA:43,2
LF:14
LH:7
BRDA:13,0,0,0
BRDA:13,0,1,0
BRDA:25,1,0,0
BRF:3
BRH:0
end_of_record
TN:
SF:src/Clockify/Workspaces/Workspace/TimeOff/index.ts
FN:5,(anonymous_7)
FN:8,TimeOff
FN:13,(anonymous_9)
FN:20,(anonymous_10)
FNF:4
FNH:4
FNDA:2,(anonymous_7)
FNDA:1,TimeOff
FNDA:1,(anonymous_9)
FNDA:1,(anonymous_10)
DA:1,2
DA:5,2
DA:9,1
DA:10,1
DA:13,2
DA:14,1
DA:20,2
DA:21,1
DA:23,2
LF:9
LH:9
BRDA:9,0,0,1
BRDA:9,0,1,1
BRF:2
BRH:2
end_of_record
TN:
SF:src/Clockify/Workspaces/Workspace/UserGroups/index.ts
FN:7,(anonymous_7)
FN:11,UserGroups
FN:16,(anonymous_9)
FN:20,(anonymous_10)
FN:27,(anonymous_11)
FN:34,(anonymous_12)
FNF:6
FNH:1
FNDA:2,(anonymous_7)
FNDA:0,UserGroups
FNDA:0,(anonymous_9)
FNDA:0,(anonymous_10)
FNDA:0,(anonymous_11)
FNDA:0,(anonymous_12)
DA:1,2
DA:2,2
DA:7,2
DA:12,0
DA:13,0
DA:16,2
DA:17,0
DA:20,2
DA:21,0
DA:27,2
DA:28,0
DA:34,2
DA:35,0
DA:38,2
LF:14
LH:8
BRDA:12,0,0,0
BRDA:12,0,1,0
BRF:2
BRH:0
end_of_record
TN:
SF:src/Clockify/Workspaces/Workspace/UserGroups/UserGroup/index.ts
FN:6,(anonymous_7)
FN:11,UserGroup
FN:17,(anonymous_9)
FN:21,(anonymous_10)
FN:28,(anonymous_11)
FN:35,(anonymous_12)
FNF:6
FNH:1
FNDA:2,(anonymous_7)
FNDA:0,UserGroup
FNDA:0,(anonymous_9)
FNDA:0,(anonymous_10)
FNDA:0,(anonymous_11)
FNDA:0,(anonymous_12)
DA:1,2
DA:2,2
DA:6,2
DA:12,0
DA:13,0
DA:14,0
DA:17,2
DA:18,0
DA:21,2
DA:22,0
DA:28,2
DA:29,0
DA:35,2
DA:36,0
DA:40,2
LF:15
LH:8
BRDA:12,0,0,0
BRDA:12,0,1,0
BRF:2
BRH:0
end_of_record
TN:
SF:src/Clockify/Workspaces/Workspace/UserGroups/UserGroup/Users/index.ts
FN:6,(anonymous_7)
FN:11,Users
FN:17,(anonymous_9)
FN:21,(anonymous_10)
FN:28,(anonymous_11)
FNF:5
FNH:1
FNDA:2,(anonymous_7)
FNDA:0,Users
FNDA:0,(anonymous_9)
FNDA:0,(anonymous_10)
FNDA:0,(anonymous_11)
DA:1,2
DA:2,2
DA:6,2
DA:12,0
DA:13,0
DA:14,0
DA:17,2
DA:18,0
DA:21,2
DA:22,0
DA:28,2
DA:29,0
DA:31,2
LF:13
LH:7
BRDA:12,0,0,0
BRDA:12,0,1,0
BRF:2
BRH:0
end_of_record
TN:
SF:src/Clockify/Workspaces/Workspace/UserGroups/UserGroup/Users/User/index.ts
FN:5,(anonymous_7)
FN:11,User
FN:18,(anonymous_9)
FN:25,(anonymous_10)
FNF:4
FNH:1
FNDA:2,(anonymous_7)
FNDA:0,User
FNDA:0,(anonymous_9)
FNDA:0,(anonymous_10)
DA:1,2
DA:5,2
DA:12,0
DA:13,0
DA:14,0
DA:15,0
DA:18,2
DA:19,0
DA:25,2
DA:26,0
DA:28,2
LF:11
LH:5
BRDA:12,0,0,0
BRDA:12,0,1,0
BRF:2
BRH:0
end_of_record
TN:
SF:src/Clockify/Workspaces/Workspace/Users/index.ts
FN:8,(anonymous_7)
FN:12,Users
FN:17,(anonymous_9)
FN:21,(anonymous_10)
FN:28,(anonymous_11)
FN:38,(anonymous_12)
FNF:6
FNH:1
FNDA:2,(anonymous_7)
FNDA:0,Users
FNDA:0,(anonymous_9)
FNDA:0,(anonymous_10)
FNDA:0,(anonymous_11)
FNDA:0,(anonymous_12)
DA:1,2
DA:2,2
DA:8,2
DA:13,0
DA:14,0
DA:17,2
DA:18,0
DA:21,2
DA:22,0
DA:28,2
DA:29,0
DA:38,2
DA:39,0
DA:42,2
LF:14
LH:8
BRDA:13,0,0,0
BRDA:13,0,1,0
BRF:2
BRH:0
end_of_record
TN:
SF:src/Clockify/Workspaces/Workspace/Users/User/index.ts
FN:6,(anonymous_7)
FN:11,User
FN:17,(anonymous_9)
FN:21,(anonymous_10)
FN:28,(anonymous_11)
FN:35,(anonymous_12)
FNF:6
FNH:1
FNDA:2,(anonymous_7)
FNDA:0,User
FNDA:0,(anonymous_9)
FNDA:0,(anonymous_10)
FNDA:0,(anonymous_11)
FNDA:0,(anonymous_12)
DA:1,2
DA:2,2
DA:6,2
DA:12,0
DA:13,0
DA:14,0
DA:17,2
DA:18,0
DA:21,2
DA:22,0
DA:28,2
DA:29,0
DA:35,2
DA:36,0
DA:38,2
LF:15
LH:8
BRDA:12,0,0,0
BRDA:12,0,1,0
BRF:2
BRH:0
end_of_record
TN:
SF:src/Clockify/Workspaces/Workspace/Users/User/TimeEntries/index.ts
FN:6,(anonymous_7)
FN:11,TimeEntries
FN:17,(anonymous_9)
FN:24,(anonymous_10)
FN:36,(anonymous_11)
FN:46,(anonymous_12)
FNF:6
FNH:1
FNDA:2,(anonymous_7)
FNDA:0,TimeEntries
FNDA:0,(anonymous_9)
FNDA:0,(anonymous_10)
FNDA:0,(anonymous_11)
FNDA:0,(anonymous_12)
DA:1,2
DA:6,2
DA:12,0
DA:13,0
DA:14,0
DA:17,2
DA:18,0
DA:24,2
DA:25,0
DA:36,2
DA:37,0
DA:46,2
DA:47,0
DA:49,2
LF:14
LH:7
BRDA:12,0,0,0
BRDA:12,0,1,0
BRDA:24,1,0,0
BRF:3
BRH:0
end_of_record
TN:
SF:src/ClockifyError/index.ts
FN:4,(anonymous_6)
FN:6,ClockifyError
FNF:2
FNH:1
FNDA:2,(anonymous_6)
FNDA:0,ClockifyError
DA:2,2
DA:4,2
DA:8,0
DA:9,0
DA:14,0
DA:16,0
DA:17,0
DA:23,0
DA:26,0
DA:28,0
DA:31,2
LF:11
LH:3
BRDA:8,0,0,0
BRDA:8,0,1,0
BRDA:8,1,0,0
BRDA:8,1,1,0
BRDA:8,2,0,0
BRDA:8,2,1,0
BRDA:8,3,0,0
BRDA:8,3,1,0
BRDA:9,4,0,0
BRDA:9,4,1,0
BRDA:17,5,0,0
BRDA:17,5,1,0
BRDA:28,6,0,0
BRDA:28,6,1,0
BRF:14
BRH:0
end_of_record
