TN:
SF:src/index.ts
FN:153,(anonymous_1)
FN:154,(anonymous_2)
FN:155,(anonymous_3)
FN:156,(anonymous_4)
FN:157,(anonymous_5)
FN:158,(anonymous_6)
FN:159,(anonymous_7)
FN:160,(anonymous_8)
FN:161,(anonymous_9)
FN:162,(anonymous_10)
FN:163,(anonymous_11)
FN:164,(anonymous_12)
FN:165,(anonymous_13)
FN:166,(anonymous_14)
FN:167,(anonymous_15)
FN:168,(anonymous_16)
FN:169,(anonymous_17)
FN:170,(anonymous_18)
FN:171,(anonymous_19)
FN:172,(anonymous_20)
FN:173,(anonymous_21)
FN:174,(anonymous_22)
FN:175,(anonymous_23)
FN:176,(anonymous_24)
FN:177,(anonymous_25)
FN:178,(anonymous_26)
FN:179,(anonymous_27)
FN:180,(anonymous_28)
FN:181,(anonymous_29)
FN:182,(anonymous_30)
FN:183,(anonymous_31)
FN:184,(anonymous_32)
FN:185,(anonymous_33)
FN:186,(anonymous_34)
FN:187,(anonymous_35)
FN:188,(anonymous_36)
FN:189,(anonymous_37)
FN:190,(anonymous_38)
FN:191,(anonymous_39)
FN:192,(anonymous_40)
FN:194,(anonymous_41)
FN:195,(anonymous_42)
FN:196,(anonymous_43)
FN:197,(anonymous_44)
FN:198,(anonymous_45)
FN:199,(anonymous_46)
FN:200,(anonymous_47)
FNF:47
FNH:1
FNDA:0,(anonymous_1)
FNDA:0,(anonymous_2)
FNDA:0,(anonymous_3)
FNDA:0,(anonymous_4)
FNDA:0,(anonymous_5)
FNDA:0,(anonymous_6)
FNDA:0,(anonymous_7)
FNDA:0,(anonymous_8)
FNDA:0,(anonymous_9)
FNDA:0,(anonymous_10)
FNDA:0,(anonymous_11)
FNDA:0,(anonymous_12)
FNDA:0,(anonymous_13)
FNDA:0,(anonymous_14)
FNDA:0,(anonymous_15)
FNDA:1,(anonymous_16)
FNDA:0,(anonymous_17)
FNDA:0,(anonymous_18)
FNDA:0,(anonymous_19)
FNDA:0,(anonymous_20)
FNDA:0,(anonymous_21)
FNDA:0,(anonymous_22)
FNDA:0,(anonymous_23)
FNDA:0,(anonymous_24)
FNDA:0,(anonymous_25)
FNDA:0,(anonymous_26)
FNDA:0,(anonymous_27)
FNDA:0,(anonymous_28)
FNDA:0,(anonymous_29)
FNDA:0,(anonymous_30)
FNDA:0,(anonymous_31)
FNDA:0,(anonymous_32)
FNDA:0,(anonymous_33)
FNDA:0,(anonymous_34)
FNDA:0,(anonymous_35)
FNDA:0,(anonymous_36)
FNDA:0,(anonymous_37)
FNDA:0,(anonymous_38)
FNDA:0,(anonymous_39)
FNDA:0,(anonymous_40)
FNDA:0,(anonymous_41)
FNDA:0,(anonymous_42)
FNDA:0,(anonymous_43)
FNDA:0,(anonymous_44)
FNDA:0,(anonymous_45)
FNDA:0,(anonymous_46)
FNDA:0,(anonymous_47)
DA:1,1
DA:49,1
DA:66,1
DA:82,1
DA:87,1
DA:93,1
DA:94,1
DA:95,1
DA:97,1
DA:98,1
DA:99,1
DA:100,1
DA:101,1
DA:103,1
DA:153,1
DA:154,1
DA:155,1
DA:156,1
DA:157,1
DA:158,1
DA:159,1
DA:160,1
DA:161,1
DA:162,1
DA:163,1
DA:164,1
DA:165,1
DA:166,1
DA:167,1
DA:168,2
DA:169,1
DA:170,1
DA:171,1
DA:172,1
DA:173,1
DA:174,1
DA:175,1
DA:176,1
DA:177,1
DA:178,1
DA:179,1
DA:180,1
DA:181,1
DA:182,1
DA:183,1
DA:184,1
DA:185,1
DA:186,1
DA:187,1
DA:188,1
DA:189,1
DA:190,1
DA:191,1
DA:192,1
DA:194,1
DA:195,1
DA:196,1
DA:197,1
DA:198,1
DA:199,1
DA:200,1
LF:61
LH:61
BRF:0
BRH:0
end_of_record
TN:
SF:src/Api/ClockifyApi/index.ts
FN:6,(anonymous_1)
FN:8,(anonymous_2)
FN:27,(anonymous_3)
FN:32,ClockifyAPI
FN:37,(anonymous_5)
FN:41,(anonymous_6)
FN:51,(anonymous_7)
FN:53,(anonymous_8)
FN:54,(anonymous_9)
FN:57,(anonymous_10)
FN:59,(anonymous_11)
FN:60,(anonymous_12)
FN:63,(anonymous_13)
FN:65,(anonymous_14)
FN:66,(anonymous_15)
FN:69,(anonymous_16)
FN:71,(anonymous_17)
FN:72,(anonymous_18)
FN:75,(anonymous_19)
FN:77,(anonymous_20)
FN:78,(anonymous_21)
FNF:21
FNH:12
FNDA:27,(anonymous_1)
FNDA:0,(anonymous_2)
FNDA:9,(anonymous_3)
FNDA:98,ClockifyAPI
FNDA:0,(anonymous_5)
FNDA:95,(anonymous_6)
FNDA:15,(anonymous_7)
FNDA:0,(anonymous_8)
FNDA:15,(anonymous_9)
FNDA:10,(anonymous_10)
FNDA:0,(anonymous_11)
FNDA:10,(anonymous_12)
FNDA:1,(anonymous_13)
FNDA:0,(anonymous_14)
FNDA:1,(anonymous_15)
FNDA:1,(anonymous_16)
FNDA:0,(anonymous_17)
FNDA:1,(anonymous_18)
FNDA:0,(anonymous_19)
FNDA:0,(anonymous_20)
FNDA:0,(anonymous_21)
DA:1,9
DA:2,9
DA:3,9
DA:6,27
DA:8,0
DA:27,9
DA:33,98
DA:34,98
DA:37,9
DA:38,0
DA:41,9
DA:42,95
DA:51,18
DA:52,15
DA:53,0
DA:54,15
DA:57,10
DA:58,10
DA:59,0
DA:60,10
DA:63,9
DA:64,1
DA:65,0
DA:66,1
DA:69,9
DA:70,1
DA:71,0
DA:72,1
DA:75,9
DA:76,0
DA:77,0
DA:78,0
DA:81,9
LF:33
LH:24
BRDA:51,0,0,3
BRDA:57,1,0,0
BRDA:57,2,0,0
BRDA:63,3,0,0
BRDA:63,4,0,0
BRDA:69,5,0,0
BRDA:69,6,0,0
BRDA:75,7,0,0
BRF:8
BRH:1
end_of_record
TN:
SF:src/Api/ReportsApi/index.ts
FN:4,(anonymous_7)
FN:5,(anonymous_9)
FNF:2
FNH:2
FNDA:12,(anonymous_7)
FNDA:3,(anonymous_9)
DA:1,9
DA:2,9
DA:4,9
DA:5,9
DA:6,3
DA:14,9
LF:6
LH:6
BRF:0
BRH:0
end_of_record
TN:
SF:src/Clockify/index.ts
FN:6,(anonymous_7)
FN:10,Clockify
FN:15,(anonymous_9)
FN:19,(anonymous_10)
FNF:4
FNH:4
FNDA:9,(anonymous_7)
FNDA:9,Clockify
FNDA:1,(anonymous_9)
FNDA:3,(anonymous_10)
DA:1,9
DA:2,9
DA:3,9
DA:4,9
DA:6,9
DA:11,9
DA:12,9
DA:15,9
DA:16,1
DA:19,9
DA:20,3
DA:23,9
LF:12
LH:12
BRDA:11,0,0,9
BRDA:11,0,1,9
BRF:2
BRH:2
end_of_record
TN:
SF:src/Clockify/Users/index.ts
FN:4,(anonymous_7)
FN:6,(anonymous_9)
FN:13,(anonymous_10)
FNF:3
FNH:3
FNDA:10,(anonymous_7)
FNDA:1,(anonymous_9)
FNDA:1,(anonymous_10)
DA:2,9
DA:4,9
DA:6,9
DA:7,1
DA:13,9
DA:14,1
DA:16,9
LF:7
LH:7
BRF:0
BRH:0
end_of_record
TN:
SF:src/Clockify/Workspaces/index.ts
FN:5,(anonymous_7)
FN:7,(anonymous_9)
FN:11,(anonymous_10)
FN:15,(anonymous_11)
FNF:4
FNH:4
FNDA:21,(anonymous_7)
FNDA:1,(anonymous_9)
FNDA:25,(anonymous_10)
FNDA:1,(anonymous_11)
DA:1,9
DA:2,9
DA:5,9
DA:7,9
DA:8,1
DA:11,9
DA:12,25
DA:15,9
DA:16,1
DA:19,9
LF:10
LH:10
BRF:0
BRH:0
end_of_record
TN:
SF:src/Clockify/Workspaces/Workspace/index.ts
FN:13,(anonymous_7)
FN:17,Workspace
FN:22,(anonymous_9)
FN:26,(anonymous_10)
FN:30,(anonymous_11)
FN:34,(anonymous_12)
FN:38,(anonymous_13)
FN:42,(anonymous_14)
FN:46,(anonymous_15)
FN:50,(anonymous_16)
FN:54,(anonymous_17)
FN:58,(anonymous_18)
FN:62,(anonymous_19)
FNF:13
FNH:8
FNDA:9,(anonymous_7)
FNDA:25,Workspace
FNDA:0,(anonymous_9)
FNDA:3,(anonymous_10)
FNDA:0,(anonymous_11)
FNDA:9,(anonymous_12)
FNDA:3,(anonymous_13)
FNDA:3,(anonymous_14)
FNDA:0,(anonymous_15)
FNDA:4,(anonymous_16)
FNDA:3,(anonymous_17)
FNDA:0,(anonymous_18)
FNDA:0,(anonymous_19)
DA:1,9
DA:2,9
DA:3,9
DA:4,9
DA:5,9
DA:6,9
DA:7,9
DA:8,9
DA:9,9
DA:10,9
DA:11,9
DA:13,9
DA:18,25
DA:19,25
DA:22,9
DA:23,0
DA:26,9
DA:27,3
DA:30,9
DA:31,0
DA:34,9
DA:35,9
DA:38,9
DA:39,3
DA:42,9
DA:43,3
DA:46,9
DA:47,0
DA:50,9
DA:51,4
DA:54,9
DA:55,3
DA:58,9
DA:59,0
DA:62,9
DA:63,0
DA:65,9
LF:37
LH:32
BRDA:18,0,0,25
BRDA:18,0,1,25
BRF:2
BRH:2
end_of_record
TN:
SF:src/Clockify/Workspaces/Workspace/Clients/index.ts
FN:6,(anonymous_7)
FN:10,Clients
FN:15,(anonymous_9)
FN:19,(anonymous_10)
FN:26,(anonymous_11)
FN:33,(anonymous_12)
FNF:6
FNH:5
FNDA:9,(anonymous_7)
FNDA:3,Clients
FNDA:3,(anonymous_9)
FNDA:0,(anonymous_10)
FNDA:2,(anonymous_11)
FNDA:1,(anonymous_12)
DA:1,9
DA:2,9
DA:6,9
DA:11,3
DA:12,3
DA:15,9
DA:16,3
DA:19,9
DA:20,0
DA:26,9
DA:27,2
DA:33,9
DA:34,1
DA:36,9
LF:14
LH:13
BRDA:11,0,0,3
BRDA:11,0,1,3
BRDA:26,1,0,2
BRF:3
BRH:3
end_of_record
TN:
SF:src/Clockify/Workspaces/Workspace/Clients/Client/index.ts
FN:8,(anonymous_7)
FN:13,Client
FN:19,(anonymous_9)
FN:26,(anonymous_10)
FN:33,(anonymous_11)
FN:40,(anonymous_12)
FNF:6
FNH:1
FNDA:9,(anonymous_7)
FNDA:0,Client
FNDA:0,(anonymous_9)
FNDA:0,(anonymous_10)
FNDA:0,(anonymous_11)
FNDA:0,(anonymous_12)
DA:1,9
DA:8,9
DA:14,0
DA:15,0
DA:16,0
DA:19,9
DA:20,0
DA:26,9
DA:27,0
DA:33,9
DA:34,0
DA:40,9
DA:41,0
DA:44,9
LF:14
LH:7
BRDA:14,0,0,0
BRDA:14,0,1,0
BRDA:26,1,0,0
BRF:3
BRH:0
end_of_record
TN:
SF:src/Clockify/Workspaces/Workspace/CustomFields/index.ts
FN:6,(anonymous_7)
FN:10,CustomFields
FN:15,(anonymous_9)
FN:22,(anonymous_10)
FNF:4
FNH:1
FNDA:9,(anonymous_7)
FNDA:0,CustomFields
FNDA:0,(anonymous_9)
FNDA:0,(anonymous_10)
DA:1,9
DA:6,9
DA:11,0
DA:12,0
DA:15,9
DA:16,0
DA:22,9
DA:23,0
DA:25,9
LF:9
LH:5
BRDA:11,0,0,0
BRDA:11,0,1,0
BRF:2
BRH:0
end_of_record
TN:
SF:src/Clockify/Workspaces/Workspace/ExpenseCategories/index.ts
FN:6,(anonymous_7)
FN:10,ExpenseCategories
FN:15,(anonymous_9)
FN:19,(anonymous_10)
FN:26,(anonymous_11)
FN:33,(anonymous_12)
FNF:6
FNH:1
FNDA:9,(anonymous_7)
FNDA:0,ExpenseCategories
FNDA:0,(anonymous_9)
FNDA:0,(anonymous_10)
FNDA:0,(anonymous_11)
FNDA:0,(anonymous_12)
DA:1,9
DA:2,9
DA:6,9
DA:11,0
DA:12,0
DA:15,9
DA:16,0
DA:19,9
DA:20,0
DA:26,9
DA:27,0
DA:33,9
DA:34,0
DA:36,9
LF:14
LH:8
BRDA:11,0,0,0
BRDA:11,0,1,0
BRDA:26,1,0,0
BRF:3
BRH:0
end_of_record
TN:
SF:src/Clockify/Workspaces/Workspace/ExpenseCategories/ExpenseCategory/index.ts
FN:6,(anonymous_7)
FN:13,ExpenseCategory
FN:19,(anonymous_9)
FN:26,(anonymous_10)
FN:37,(anonymous_11)
FNF:5
FNH:1
FNDA:9,(anonymous_7)
FNDA:0,ExpenseCategory
FNDA:0,(anonymous_9)
FNDA:0,(anonymous_10)
FNDA:0,(anonymous_11)
DA:1,9
DA:6,9
DA:14,0
DA:15,0
DA:16,0
DA:19,9
DA:20,0
DA:26,9
DA:29,0
DA:37,9
DA:38,0
DA:41,9
LF:12
LH:6
BRDA:14,0,0,0
BRDA:14,0,1,0
BRDA:26,1,0,0
BRF:3
BRH:0
end_of_record
TN:
SF:src/Clockify/Workspaces/Workspace/Expenses/index.ts
FN:6,(anonymous_7)
FN:10,Expenses
FN:15,(anonymous_9)
FN:19,(anonymous_10)
FN:26,(anonymous_11)
FN:34,(anonymous_12)
FNF:6
FNH:1
FNDA:9,(anonymous_7)
FNDA:0,Expenses
FNDA:0,(anonymous_9)
FNDA:0,(anonymous_10)
FNDA:0,(anonymous_11)
FNDA:0,(anonymous_12)
DA:1,9
DA:2,9
DA:6,9
DA:11,0
DA:12,0
DA:15,9
DA:16,0
DA:19,9
DA:20,0
DA:26,9
DA:27,0
DA:28,0
DA:34,9
DA:35,0
DA:37,9
LF:15
LH:8
BRDA:11,0,0,0
BRDA:11,0,1,0
BRDA:26,1,0,0
BRF:3
BRH:0
end_of_record
TN:
SF:src/Clockify/Workspaces/Workspace/Expenses/Expense/index.ts
FN:6,(anonymous_7)
FN:11,Expense
FN:17,(anonymous_9)
FN:24,(anonymous_10)
FN:31,(anonymous_11)
FNF:5
FNH:1
FNDA:9,(anonymous_7)
FNDA:0,Expense
FNDA:0,(anonymous_9)
FNDA:0,(anonymous_10)
FNDA:0,(anonymous_11)
DA:1,9
DA:6,9
DA:12,0
DA:13,0
DA:14,0
DA:17,9
DA:18,0
DA:24,9
DA:25,0
DA:31,9
DA:32,0
DA:35,9
LF:12
LH:6
BRDA:12,0,0,0
BRDA:12,0,1,0
BRDA:24,1,0,0
BRF:3
BRH:0
end_of_record
TN:
SF:src/Clockify/Workspaces/Workspace/Projects/index.ts
FN:7,(anonymous_7)
FN:11,Projects
FN:16,(anonymous_9)
FN:20,(anonymous_10)
FN:28,(anonymous_11)
FN:35,(anonymous_12)
FNF:6
FNH:6
FNDA:9,(anonymous_7)
FNDA:9,Projects
FNDA:2,(anonymous_9)
FNDA:7,(anonymous_10)
FNDA:1,(anonymous_11)
FNDA:1,(anonymous_12)
DA:1,9
DA:4,9
DA:7,9
DA:12,9
DA:13,9
DA:16,9
DA:17,2
DA:20,9
DA:21,7
DA:28,9
DA:29,1
DA:35,9
DA:36,1
DA:38,9
LF:14
LH:14
BRDA:12,0,0,9
BRDA:12,0,1,9
BRDA:28,1,0,1
BRF:3
BRH:3
end_of_record
TN:
SF:src/Clockify/Workspaces/Workspace/Projects/Project/index.ts
FN:12,(anonymous_7)
FN:17,Project
FN:23,(anonymous_9)
FN:27,(anonymous_10)
FN:31,(anonymous_11)
FN:35,(anonymous_12)
FN:39,(anonymous_13)
FN:43,(anonymous_14)
FN:51,(anonymous_15)
FN:58,(anonymous_16)
FN:65,(anonymous_17)
FNF:11
FNH:6
FNDA:9,(anonymous_7)
FNDA:7,Project
FNDA:2,(anonymous_9)
FNDA:0,(anonymous_10)
FNDA:0,(anonymous_11)
FNDA:1,(anonymous_12)
FNDA:4,(anonymous_13)
FNDA:0,(anonymous_14)
FNDA:2,(anonymous_15)
FNDA:0,(anonymous_16)
FNDA:0,(anonymous_17)
DA:1,9
DA:3,9
DA:4,9
DA:5,9
DA:6,9
DA:7,9
DA:12,9
DA:18,7
DA:19,7
DA:20,7
DA:23,9
DA:24,2
DA:27,9
DA:28,0
DA:31,9
DA:32,0
DA:35,9
DA:36,1
DA:39,9
DA:40,4
DA:43,9
DA:44,0
DA:51,9
DA:52,2
DA:58,9
DA:59,0
DA:65,9
DA:66,0
DA:69,9
LF:29
LH:24
BRDA:18,0,0,7
BRDA:18,0,1,7
BRDA:51,1,0,2
BRDA:58,2,0,0
BRF:4
BRH:3
end_of_record
TN:
SF:src/Clockify/Workspaces/Workspace/Projects/Project/CustomFields/index.ts
FN:6,(anonymous_7)
FN:11,CustomFields
FN:17,(anonymous_9)
FN:21,(anonymous_10)
FN:28,(anonymous_11)
FNF:5
FNH:1
FNDA:9,(anonymous_7)
FNDA:0,CustomFields
FNDA:0,(anonymous_9)
FNDA:0,(anonymous_10)
FNDA:0,(anonymous_11)
DA:1,9
DA:3,9
DA:6,9
DA:12,0
DA:13,0
DA:14,0
DA:17,9
DA:18,0
DA:21,9
DA:22,0
DA:28,9
DA:29,0
DA:31,9
LF:13
LH:7
BRDA:12,0,0,0
BRDA:12,0,1,0
BRF:2
BRH:0
end_of_record
TN:
SF:src/Clockify/Workspaces/Workspace/Projects/Project/CustomFields/CustomField/index.ts
FN:4,(anonymous_7)
FN:10,CustomField
FN:17,(anonymous_9)
FN:24,(anonymous_10)
FN:31,(anonymous_11)
FNF:5
FNH:1
FNDA:9,(anonymous_7)
FNDA:0,CustomField
FNDA:0,(anonymous_9)
FNDA:0,(anonymous_10)
FNDA:0,(anonymous_11)
DA:1,9
DA:4,9
DA:11,0
DA:12,0
DA:13,0
DA:14,0
DA:17,9
DA:18,0
DA:24,9
DA:25,0
DA:31,9
DA:32,0
DA:34,9
LF:13
LH:6
BRDA:11,0,0,0
BRDA:11,0,1,0
BRF:2
BRH:0
end_of_record
TN:
SF:src/Clockify/Workspaces/Workspace/Projects/Project/Estimate/index.ts
FN:5,(anonymous_7)
FN:10,Estimate
FN:16,(anonymous_9)
FN:23,(anonymous_10)
FNF:4
FNH:1
FNDA:9,(anonymous_7)
FNDA:0,Estimate
FNDA:0,(anonymous_9)
FNDA:0,(anonymous_10)
DA:1,9
DA:5,9
DA:11,0
DA:12,0
DA:13,0
DA:16,9
DA:17,0
DA:23,9
DA:24,0
DA:27,9
LF:10
LH:5
BRDA:11,0,0,0
BRDA:11,0,1,0
BRF:2
BRH:0
end_of_record
TN:
SF:src/Clockify/Workspaces/Workspace/Projects/Project/Memberships/index.ts
FN:5,(anonymous_7)
FN:10,Memberships
FN:16,(anonymous_9)
FN:23,(anonymous_10)
FNF:4
FNH:4
FNDA:9,(anonymous_7)
FNDA:1,Memberships
FNDA:1,(anonymous_9)
FNDA:1,(anonymous_10)
DA:1,9
DA:5,9
DA:11,1
DA:12,1
DA:13,1
DA:16,9
DA:17,1
DA:23,9
DA:24,1
DA:27,9
LF:10
LH:10
BRDA:11,0,0,1
BRDA:11,0,1,1
BRF:2
BRH:2
end_of_record
TN:
SF:src/Clockify/Workspaces/Workspace/Projects/Project/Tasks/index.ts
FN:7,(anonymous_7)
FN:12,Tasks
FN:18,(anonymous_9)
FN:22,(anonymous_10)
FN:29,(anonymous_11)
FN:36,(anonymous_12)
FNF:6
FNH:6
FNDA:9,(anonymous_7)
FNDA:4,Tasks
FNDA:2,(anonymous_9)
FNDA:2,(anonymous_10)
FNDA:1,(anonymous_11)
FNDA:1,(anonymous_12)
DA:1,9
DA:2,9
DA:7,9
DA:13,4
DA:14,4
DA:15,4
DA:18,9
DA:19,2
DA:22,9
DA:23,2
DA:29,9
DA:30,1
DA:36,9
DA:37,1
DA:40,9
LF:15
LH:15
BRDA:13,0,0,4
BRDA:13,0,1,4
BRDA:29,1,0,1
BRF:3
BRH:3
end_of_record
TN:
SF:src/Clockify/Workspaces/Workspace/Projects/Project/Tasks/Task/index.ts
FN:6,(anonymous_7)
FN:12,Task
FN:19,(anonymous_9)
FN:26,(anonymous_10)
FN:33,(anonymous_11)
FN:40,(anonymous_12)
FNF:6
FNH:4
FNDA:9,(anonymous_7)
FNDA:2,Task
FNDA:2,(anonymous_9)
FNDA:2,(anonymous_10)
FNDA:0,(anonymous_11)
FNDA:0,(anonymous_12)
DA:1,9
DA:6,9
DA:13,2
DA:14,2
DA:15,2
DA:16,2
DA:19,9
DA:20,2
DA:26,9
DA:27,2
DA:33,9
DA:34,0
DA:40,9
DA:41,0
DA:44,9
LF:15
LH:13
BRDA:13,0,0,2
BRDA:13,0,1,2
BRF:2
BRH:2
end_of_record
TN:
SF:src/Clockify/Workspaces/Workspace/Projects/Project/Template/index.ts
FN:4,(anonymous_7)
FN:9,Template
FN:15,(anonymous_9)
FN:22,(anonymous_10)
FNF:4
FNH:1
FNDA:9,(anonymous_7)
FNDA:0,Template
FNDA:0,(anonymous_9)
FNDA:0,(anonymous_10)
DA:1,9
DA:4,9
DA:10,0
DA:11,0
DA:12,0
DA:15,9
DA:16,0
DA:22,9
DA:23,0
DA:26,9
LF:10
LH:5
BRDA:10,0,0,0
BRDA:10,0,1,0
BRF:2
BRH:0
end_of_record
TN:
SF:src/Clockify/Workspaces/Workspace/Reports/index.ts
FN:6,(anonymous_7)
FN:10,Reports
FN:15,(anonymous_9)
FN:19,(anonymous_10)
FN:23,(anonymous_11)
FNF:5
FNH:5
FNDA:9,(anonymous_7)
FNDA:3,Reports
FNDA:1,(anonymous_9)
FNDA:1,(anonymous_10)
FNDA:1,(anonymous_11)
DA:1,9
DA:2,9
DA:3,9
DA:4,9
DA:6,9
DA:11,3
DA:12,3
DA:15,9
DA:16,1
DA:19,9
DA:20,1
DA:23,9
DA:24,1
DA:26,9
LF:14
LH:14
BRDA:11,0,0,3
BRDA:11,0,1,3
BRF:2
BRH:2
end_of_record
TN:
SF:src/Clockify/Workspaces/Workspace/Reports/Detailed/index.ts
FN:6,(anonymous_7)
FN:9,Detailed
FN:14,(anonymous_9)
FN:18,(anonymous_10)
FNF:4
FNH:4
FNDA:9,(anonymous_7)
FNDA:1,Detailed
FNDA:1,(anonymous_9)
FNDA:1,(anonymous_10)
DA:4,9
DA:6,9
DA:10,1
DA:11,1
DA:14,9
DA:15,1
DA:18,9
DA:19,1
DA:21,9
LF:9
LH:9
BRDA:10,0,0,1
BRDA:10,0,1,0
BRF:2
BRH:1
end_of_record
TN:
SF:src/Clockify/Workspaces/Workspace/Reports/Expenses/index.ts
FN:6,(anonymous_7)
FN:9,Expenses
FN:14,(anonymous_9)
FN:18,(anonymous_10)
FNF:4
FNH:4
FNDA:9,(anonymous_7)
FNDA:1,Expenses
FNDA:1,(anonymous_9)
FNDA:1,(anonymous_10)
DA:2,9
DA:6,9
DA:10,1
DA:11,1
DA:14,9
DA:15,1
DA:18,9
DA:19,1
DA:21,9
LF:9
LH:9
BRDA:10,0,0,1
BRDA:10,0,1,0
BRF:2
BRH:1
end_of_record
TN:
SF:src/Clockify/Workspaces/Workspace/Reports/Summary/index.ts
FN:6,(anonymous_7)
FN:9,Summary
FN:14,(anonymous_9)
FN:18,(anonymous_10)
FNF:4
FNH:4
FNDA:9,(anonymous_7)
FNDA:1,Summary
FNDA:1,(anonymous_9)
FNDA:1,(anonymous_10)
DA:4,9
DA:6,9
DA:10,1
DA:11,1
DA:14,9
DA:15,1
DA:18,9
DA:19,1
DA:21,9
LF:9
LH:9
BRDA:10,0,0,1
BRDA:10,0,1,0
BRF:2
BRH:1
end_of_record
TN:
SF:src/Clockify/Workspaces/Workspace/Tags/index.ts
FN:6,(anonymous_7)
FN:9,Tags
FN:14,(anonymous_9)
FN:18,(anonymous_10)
FN:25,(anonymous_11)
FN:32,(anonymous_12)
FNF:6
FNH:6
FNDA:9,(anonymous_7)
FNDA:3,Tags
FNDA:2,(anonymous_9)
FNDA:1,(anonymous_10)
FNDA:1,(anonymous_11)
FNDA:1,(anonymous_12)
DA:1,9
DA:3,9
DA:6,9
DA:10,3
DA:11,3
DA:14,9
DA:15,2
DA:18,9
DA:19,1
DA:25,9
DA:26,1
DA:32,9
DA:33,1
DA:36,9
LF:14
LH:14
BRDA:10,0,0,3
BRDA:10,0,1,3
BRF:2
BRH:2
end_of_record
TN:
SF:src/Clockify/Workspaces/Workspace/Tags/Tag/index.ts
FN:4,(anonymous_7)
FN:9,Tag
FN:15,(anonymous_9)
FN:22,(anonymous_10)
FN:29,(anonymous_11)
FNF:5
FNH:4
FNDA:9,(anonymous_7)
FNDA:1,Tag
FNDA:1,(anonymous_9)
FNDA:1,(anonymous_10)
FNDA:0,(anonymous_11)
DA:1,9
DA:4,9
DA:10,1
DA:11,1
DA:12,1
DA:15,9
DA:16,1
DA:22,9
DA:23,1
DA:29,9
DA:30,0
DA:33,9
LF:12
LH:11
BRDA:10,0,0,1
BRDA:10,0,1,1
BRF:2
BRH:2
end_of_record
TN:
SF:src/Clockify/Workspaces/Workspace/TimeEntries/index.ts
FN:7,(anonymous_7)
FN:10,TimeEntries
FN:15,(anonymous_9)
FN:19,(anonymous_10)
FN:27,(anonymous_11)
FNF:5
FNH:5
FNDA:9,(anonymous_7)
FNDA:3,TimeEntries
FNDA:1,(anonymous_9)
FNDA:2,(anonymous_10)
FNDA:1,(anonymous_11)
DA:1,9
DA:2,9
DA:7,9
DA:11,3
DA:12,3
DA:15,9
DA:16,1
DA:19,9
DA:20,2
DA:27,9
DA:28,1
DA:31,9
LF:12
LH:12
BRDA:11,0,0,3
BRDA:11,0,1,3
BRF:2
BRH:2
end_of_record
TN:
SF:src/Clockify/Workspaces/Workspace/TimeEntries/TimeEntry/index.ts
FN:7,(anonymous_7)
FN:12,TimeEntry
FN:18,(anonymous_9)
FN:25,(anonymous_10)
FN:32,(anonymous_11)
FN:39,(anonymous_12)
FNF:6
FNH:4
FNDA:9,(anonymous_7)
FNDA:2,TimeEntry
FNDA:2,(anonymous_9)
FNDA:2,(anonymous_10)
FNDA:0,(anonymous_11)
FNDA:0,(anonymous_12)
DA:1,9
DA:7,9
DA:13,2
DA:14,2
DA:15,2
DA:18,9
DA:19,2
DA:25,9
DA:26,2
DA:32,9
DA:33,0
DA:39,9
DA:40,0
DA:43,9
LF:14
LH:12
BRDA:13,0,0,2
BRDA:13,0,1,2
BRDA:25,1,0,2
BRF:3
BRH:3
end_of_record
TN:
SF:src/Clockify/Workspaces/Workspace/UserGroups/index.ts
FN:7,(anonymous_7)
FN:11,UserGroups
FN:16,(anonymous_9)
FN:20,(anonymous_10)
FN:27,(anonymous_11)
FN:34,(anonymous_12)
FNF:6
FNH:1
FNDA:9,(anonymous_7)
FNDA:0,UserGroups
FNDA:0,(anonymous_9)
FNDA:0,(anonymous_10)
FNDA:0,(anonymous_11)
FNDA:0,(anonymous_12)
DA:1,9
DA:2,9
DA:7,9
DA:12,0
DA:13,0
DA:16,9
DA:17,0
DA:20,9
DA:21,0
DA:27,9
DA:28,0
DA:34,9
DA:35,0
DA:38,9
LF:14
LH:8
BRDA:12,0,0,0
BRDA:12,0,1,0
BRF:2
BRH:0
end_of_record
TN:
SF:src/Clockify/Workspaces/Workspace/UserGroups/UserGroup/index.ts
FN:6,(anonymous_7)
FN:11,UserGroup
FN:17,(anonymous_9)
FN:21,(anonymous_10)
FN:28,(anonymous_11)
FN:35,(anonymous_12)
FNF:6
FNH:1
FNDA:9,(anonymous_7)
FNDA:0,UserGroup
FNDA:0,(anonymous_9)
FNDA:0,(anonymous_10)
FNDA:0,(anonymous_11)
FNDA:0,(anonymous_12)
DA:1,9
DA:2,9
DA:6,9
DA:12,0
DA:13,0
DA:14,0
DA:17,9
DA:18,0
DA:21,9
DA:22,0
DA:28,9
DA:29,0
DA:35,9
DA:36,0
DA:40,9
LF:15
LH:8
BRDA:12,0,0,0
BRDA:12,0,1,0
BRF:2
BRH:0
end_of_record
TN:
SF:src/Clockify/Workspaces/Workspace/UserGroups/UserGroup/Users/index.ts
FN:6,(anonymous_7)
FN:11,Users
FN:17,(anonymous_9)
FN:21,(anonymous_10)
FN:28,(anonymous_11)
FNF:5
FNH:1
FNDA:9,(anonymous_7)
FNDA:0,Users
FNDA:0,(anonymous_9)
FNDA:0,(anonymous_10)
FNDA:0,(anonymous_11)
DA:1,9
DA:2,9
DA:6,9
DA:12,0
DA:13,0
DA:14,0
DA:17,9
DA:18,0
DA:21,9
DA:22,0
DA:28,9
DA:29,0
DA:31,9
LF:13
LH:7
BRDA:12,0,0,0
BRDA:12,0,1,0
BRF:2
BRH:0
end_of_record
TN:
SF:src/Clockify/Workspaces/Workspace/UserGroups/UserGroup/Users/User/index.ts
FN:5,(anonymous_7)
FN:11,User
FN:18,(anonymous_9)
FN:25,(anonymous_10)
FNF:4
FNH:1
FNDA:9,(anonymous_7)
FNDA:0,User
FNDA:0,(anonymous_9)
FNDA:0,(anonymous_10)
DA:1,9
DA:5,9
DA:12,0
DA:13,0
DA:14,0
DA:15,0
DA:18,9
DA:19,0
DA:25,9
DA:26,0
DA:28,9
LF:11
LH:5
BRDA:12,0,0,0
BRDA:12,0,1,0
BRF:2
BRH:0
end_of_record
TN:
SF:src/Clockify/Workspaces/Workspace/Users/index.ts
FN:8,(anonymous_7)
FN:12,Users
FN:17,(anonymous_9)
FN:21,(anonymous_10)
FN:28,(anonymous_11)
FN:38,(anonymous_12)
FNF:6
FNH:5
FNDA:9,(anonymous_7)
FNDA:4,Users
FNDA:3,(anonymous_9)
FNDA:1,(anonymous_10)
FNDA:1,(anonymous_11)
FNDA:0,(anonymous_12)
DA:1,9
DA:2,9
DA:8,9
DA:13,4
DA:14,4
DA:17,9
DA:18,3
DA:21,9
DA:22,1
DA:28,9
DA:29,1
DA:38,9
DA:39,0
DA:42,9
LF:14
LH:13
BRDA:13,0,0,4
BRDA:13,0,1,4
BRF:2
BRH:2
end_of_record
TN:
SF:src/Clockify/Workspaces/Workspace/Users/User/index.ts
FN:6,(anonymous_7)
FN:11,User
FN:17,(anonymous_9)
FN:21,(anonymous_10)
FN:28,(anonymous_11)
FN:35,(anonymous_12)
FNF:6
FNH:3
FNDA:9,(anonymous_7)
FNDA:3,User
FNDA:3,(anonymous_9)
FNDA:0,(anonymous_10)
FNDA:0,(anonymous_11)
FNDA:0,(anonymous_12)
DA:1,9
DA:2,9
DA:6,9
DA:12,3
DA:13,3
DA:14,3
DA:17,9
DA:18,3
DA:21,9
DA:22,0
DA:28,9
DA:29,0
DA:35,9
DA:36,0
DA:38,9
LF:15
LH:12
BRDA:12,0,0,3
BRDA:12,0,1,3
BRF:2
BRH:2
end_of_record
TN:
SF:src/Clockify/Workspaces/Workspace/Users/User/TimeEntries/index.ts
FN:6,(anonymous_7)
FN:11,TimeEntries
FN:17,(anonymous_9)
FN:24,(anonymous_10)
FN:36,(anonymous_11)
FN:46,(anonymous_12)
FNF:6
FNH:5
FNDA:9,(anonymous_7)
FNDA:3,TimeEntries
FNDA:3,(anonymous_9)
FNDA:1,(anonymous_10)
FNDA:2,(anonymous_11)
FNDA:0,(anonymous_12)
DA:1,9
DA:6,9
DA:12,3
DA:13,3
DA:14,3
DA:17,9
DA:18,3
DA:24,9
DA:25,1
DA:36,9
DA:37,2
DA:46,9
DA:47,0
DA:49,9
LF:14
LH:13
BRDA:12,0,0,3
BRDA:12,0,1,3
BRDA:24,1,0,1
BRF:3
BRH:3
end_of_record
TN:
SF:src/ClockifyError/index.ts
FN:4,(anonymous_6)
FN:6,ClockifyError
FNF:2
FNH:2
FNDA:9,(anonymous_6)
FNDA:27,ClockifyError
DA:2,9
DA:4,9
DA:8,27
DA:9,27
DA:14,0
DA:16,0
DA:17,27
DA:23,27
DA:26,0
DA:28,0
DA:31,9
LF:11
LH:7
BRDA:8,0,0,0
BRDA:8,0,1,27
BRDA:8,1,0,27
BRDA:8,1,1,27
BRDA:8,2,0,0
BRDA:8,2,1,27
BRDA:8,3,0,27
BRDA:8,3,1,27
BRDA:9,4,0,0
BRDA:9,4,1,27
BRDA:17,5,0,27
BRDA:17,5,1,0
BRDA:28,6,0,0
BRDA:28,6,1,0
BRF:14
BRH:8
end_of_record
TN:
SF:src/Queries/CustomFieldsQuery.ts
FN:3,(anonymous_0)
FNF:1
FNH:1
FNDA:1,(anonymous_0)
DA:3,1
DA:4,1
DA:5,1
DA:6,1
LF:4
LH:4
BRDA:3,0,0,1
BRDA:3,0,1,1
BRF:2
BRH:2
end_of_record
TN:
SF:src/Queries/MultiItemsQuery.ts
FN:2,(anonymous_0)
FNF:1
FNH:1
FNDA:1,(anonymous_0)
DA:2,1
DA:3,1
DA:4,1
LF:3
LH:3
BRDA:2,0,0,1
BRDA:2,0,1,1
BRF:2
BRH:2
end_of_record
TN:
SF:src/Queries/ProjectsQuery.ts
FN:3,(anonymous_0)
FN:7,(anonymous_1)
FN:11,(anonymous_2)
FNF:3
FNH:3
FNDA:1,(anonymous_0)
FNDA:1,(anonymous_1)
FNDA:1,(anonymous_2)
DA:3,1
DA:4,1
DA:5,1
DA:7,1
DA:8,1
DA:9,1
DA:11,1
DA:12,1
DA:13,1
LF:9
LH:9
BRDA:3,0,0,1
BRDA:3,0,1,1
BRDA:7,1,0,1
BRDA:7,1,1,1
BRDA:11,2,0,1
BRDA:11,2,1,1
BRF:6
BRH:6
end_of_record
TN:
SF:src/Queries/UpdateProjectQuery.ts
FN:3,(anonymous_0)
FNF:1
FNH:1
FNDA:1,(anonymous_0)
DA:3,1
DA:4,1
DA:5,1
LF:3
LH:3
BRDA:3,0,0,1
BRDA:3,0,1,1
BRF:2
BRH:2
end_of_record
TN:
SF:src/Queries/UsersQuery.ts
FN:4,(anonymous_0)
FN:10,(anonymous_1)
FNF:2
FNH:2
FNDA:1,(anonymous_0)
FNDA:1,(anonymous_1)
DA:4,1
DA:5,1
DA:6,1
DA:7,1
DA:8,1
DA:10,1
DA:11,1
DA:12,1
DA:13,1
DA:14,1
LF:10
LH:10
BRDA:4,0,0,1
BRDA:4,0,1,1
BRDA:10,1,0,1
BRDA:10,1,1,1
BRF:4
BRH:4
end_of_record
TN:
SF:src/Types/CustomFieldType.ts
FN:1,(anonymous_0)
FN:9,(anonymous_1)
FN:14,(anonymous_2)
FNF:3
FNH:3
FNDA:1,(anonymous_0)
FNDA:1,(anonymous_1)
FNDA:1,(anonymous_2)
DA:1,1
DA:2,1
DA:3,1
DA:4,1
DA:5,1
DA:6,1
DA:7,1
DA:9,1
DA:10,1
DA:11,1
DA:12,1
DA:14,1
DA:15,1
DA:16,1
DA:17,1
LF:15
LH:15
BRDA:1,0,0,1
BRDA:1,0,1,1
BRDA:9,1,0,1
BRDA:9,1,1,1
BRDA:14,2,0,1
BRDA:14,2,1,1
BRF:6
BRH:6
end_of_record
TN:
SF:src/Types/EstimateType.ts
FN:1,(anonymous_0)
FN:5,(anonymous_1)
FN:9,(anonymous_2)
FN:13,(anonymous_3)
FN:16,(anonymous_4)
FNF:5
FNH:5
FNDA:2,(anonymous_0)
FNDA:2,(anonymous_1)
FNDA:2,(anonymous_2)
FNDA:2,(anonymous_3)
FNDA:2,(anonymous_4)
DA:1,2
DA:2,2
DA:3,2
DA:5,2
DA:6,2
DA:7,2
DA:9,2
DA:10,2
DA:11,2
DA:13,2
DA:14,2
DA:16,2
DA:17,2
LF:13
LH:13
BRDA:1,0,0,2
BRDA:1,0,1,2
BRDA:5,1,0,2
BRDA:5,1,1,2
BRDA:9,2,0,2
BRDA:9,2,1,2
BRDA:13,3,0,2
BRDA:13,3,1,2
BRDA:16,4,0,2
BRDA:16,4,1,2
BRF:10
BRH:10
end_of_record
TN:
SF:src/Types/MembershipType.ts
FN:1,(anonymous_0)
FN:7,(anonymous_1)
FNF:2
FNH:2
FNDA:1,(anonymous_0)
FNDA:1,(anonymous_1)
DA:1,1
DA:2,1
DA:3,1
DA:4,1
DA:5,1
DA:7,1
DA:8,1
DA:9,1
DA:10,1
DA:11,1
LF:10
LH:10
BRDA:1,0,0,1
BRDA:1,0,1,1
BRDA:7,1,0,1
BRDA:7,1,1,1
BRF:4
BRH:4
end_of_record
TN:
SF:src/Types/RequestDetailedReportType.ts
FN:1,(anonymous_0)
FN:12,(anonymous_1)
FN:17,(anonymous_2)
FN:22,(anonymous_3)
FN:28,(anonymous_4)
FN:34,(anonymous_5)
FN:42,(anonymous_6)
FN:49,(anonymous_7)
FN:56,(anonymous_8)
FN:61,(anonymous_9)
FN:67,(anonymous_10)
FN:73,(anonymous_11)
FN:79,(anonymous_12)
FN:85,(anonymous_13)
FN:91,(anonymous_14)
FNF:15
FNH:15
FNDA:1,(anonymous_0)
FNDA:1,(anonymous_1)
FNDA:1,(anonymous_2)
FNDA:1,(anonymous_3)
FNDA:1,(anonymous_4)
FNDA:1,(anonymous_5)
FNDA:1,(anonymous_6)
FNDA:1,(anonymous_7)
FNDA:1,(anonymous_8)
FNDA:1,(anonymous_9)
FNDA:1,(anonymous_10)
FNDA:1,(anonymous_11)
FNDA:1,(anonymous_12)
FNDA:1,(anonymous_13)
FNDA:1,(anonymous_14)
DA:1,1
DA:2,1
DA:3,1
DA:4,1
DA:5,1
DA:6,1
DA:7,1
DA:8,1
DA:9,1
DA:12,1
DA:13,1
DA:14,1
DA:17,1
DA:18,1
DA:19,1
DA:22,1
DA:23,1
DA:24,1
DA:25,1
DA:28,1
DA:29,1
DA:30,1
DA:31,1
DA:34,1
DA:35,1
DA:36,1
DA:37,1
DA:38,1
DA:39,1
DA:42,1
DA:43,1
DA:44,1
DA:45,1
DA:46,1
DA:49,1
DA:50,1
DA:51,1
DA:52,1
DA:53,1
DA:56,1
DA:57,1
DA:58,1
DA:61,1
DA:62,1
DA:63,1
DA:64,1
DA:67,1
DA:68,1
DA:69,1
DA:70,1
DA:73,1
DA:74,1
DA:75,1
DA:76,1
DA:79,1
DA:80,1
DA:81,1
DA:82,1
DA:85,1
DA:86,1
DA:87,1
DA:88,1
DA:91,1
DA:92,1
DA:93,1
DA:94,1
LF:66
LH:66
BRDA:1,0,0,1
BRDA:1,0,1,1
BRDA:12,1,0,1
BRDA:12,1,1,1
BRDA:17,2,0,1
BRDA:17,2,1,1
BRDA:22,3,0,1
BRDA:22,3,1,1
BRDA:28,4,0,1
BRDA:28,4,1,1
BRDA:34,5,0,1
BRDA:34,5,1,1
BRDA:42,6,0,1
BRDA:42,6,1,1
BRDA:49,7,0,1
BRDA:49,7,1,1
BRDA:56,8,0,1
BRDA:56,8,1,1
BRDA:61,9,0,1
BRDA:61,9,1,1
BRDA:67,10,0,1
BRDA:67,10,1,1
BRDA:73,11,0,1
BRDA:73,11,1,1
BRDA:79,12,0,1
BRDA:79,12,1,1
BRDA:85,13,0,1
BRDA:85,13,1,1
BRDA:91,14,0,1
BRDA:91,14,1,1
BRF:30
BRH:30
end_of_record
TN:
SF:src/Types/RequestExpenseReportType.ts
FN:1,(anonymous_0)
FN:6,(anonymous_1)
FN:12,(anonymous_2)
FN:18,(anonymous_3)
FN:27,(anonymous_4)
FN:36,(anonymous_5)
FN:41,(anonymous_6)
FN:47,(anonymous_7)
FN:53,(anonymous_8)
FN:66,(anonymous_9)
FN:72,(anonymous_10)
FN:82,(anonymous_11)
FNF:12
FNH:12
FNDA:1,(anonymous_0)
FNDA:1,(anonymous_1)
FNDA:1,(anonymous_2)
FNDA:1,(anonymous_3)
FNDA:1,(anonymous_4)
FNDA:1,(anonymous_5)
FNDA:1,(anonymous_6)
FNDA:1,(anonymous_7)
FNDA:1,(anonymous_8)
FNDA:1,(anonymous_9)
FNDA:1,(anonymous_10)
FNDA:1,(anonymous_11)
DA:1,1
DA:2,1
DA:3,1
DA:6,1
DA:7,1
DA:8,1
DA:9,1
DA:12,1
DA:13,1
DA:14,1
DA:15,1
DA:18,1
DA:19,1
DA:20,1
DA:21,1
DA:22,1
DA:23,1
DA:24,1
DA:27,1
DA:28,1
DA:29,1
DA:30,1
DA:31,1
DA:32,1
DA:33,1
DA:36,1
DA:37,1
DA:38,1
DA:41,1
DA:42,1
DA:43,1
DA:44,1
DA:47,1
DA:48,1
DA:49,1
DA:50,1
DA:53,1
DA:54,1
DA:55,1
DA:56,1
DA:57,1
DA:58,1
DA:59,1
DA:60,1
DA:61,1
DA:62,1
DA:63,1
DA:66,1
DA:67,1
DA:68,1
DA:69,1
DA:72,1
DA:73,1
DA:74,1
DA:75,1
DA:76,1
DA:77,1
DA:78,1
DA:79,1
DA:82,1
DA:83,1
DA:84,1
DA:85,1
LF:63
LH:63
BRDA:1,0,0,1
BRDA:1,0,1,1
BRDA:6,1,0,1
BRDA:6,1,1,1
BRDA:12,2,0,1
BRDA:12,2,1,1
BRDA:18,3,0,1
BRDA:18,3,1,1
BRDA:27,4,0,1
BRDA:27,4,1,1
BRDA:36,5,0,1
BRDA:36,5,1,1
BRDA:41,6,0,1
BRDA:41,6,1,1
BRDA:47,7,0,1
BRDA:47,7,1,1
BRDA:53,8,0,1
BRDA:53,8,1,1
BRDA:66,9,0,1
BRDA:66,9,1,1
BRDA:72,10,0,1
BRDA:72,10,1,1
BRDA:82,11,0,1
BRDA:82,11,1,1
BRF:24
BRH:24
end_of_record
TN:
SF:src/Types/RequestSummaryReportType.ts
FN:1,(anonymous_0)
FN:12,(anonymous_1)
FN:17,(anonymous_2)
FN:23,(anonymous_3)
FN:29,(anonymous_4)
FN:35,(anonymous_5)
FN:42,(anonymous_6)
FN:49,(anonymous_7)
FN:54,(anonymous_8)
FN:60,(anonymous_9)
FN:66,(anonymous_10)
FN:72,(anonymous_11)
FN:78,(anonymous_12)
FN:84,(anonymous_13)
FNF:14
FNH:14
FNDA:1,(anonymous_0)
FNDA:1,(anonymous_1)
FNDA:1,(anonymous_2)
FNDA:1,(anonymous_3)
FNDA:1,(anonymous_4)
FNDA:1,(anonymous_5)
FNDA:1,(anonymous_6)
FNDA:1,(anonymous_7)
FNDA:1,(anonymous_8)
FNDA:1,(anonymous_9)
FNDA:1,(anonymous_10)
FNDA:1,(anonymous_11)
FNDA:1,(anonymous_12)
FNDA:1,(anonymous_13)
DA:1,1
DA:2,1
DA:3,1
DA:4,1
DA:5,1
DA:6,1
DA:7,1
DA:8,1
DA:9,1
DA:12,1
DA:13,1
DA:14,1
DA:17,1
DA:18,1
DA:19,1
DA:20,1
DA:23,1
DA:24,1
DA:25,1
DA:26,1
DA:29,1
DA:30,1
DA:31,1
DA:32,1
DA:35,1
DA:36,1
DA:37,1
DA:38,1
DA:39,1
DA:42,1
DA:43,1
DA:44,1
DA:45,1
DA:46,1
DA:49,1
DA:50,1
DA:51,1
DA:54,1
DA:55,1
DA:56,1
DA:57,1
DA:60,1
DA:61,1
DA:62,1
DA:63,1
DA:66,1
DA:67,1
DA:68,1
DA:69,1
DA:72,1
DA:73,1
DA:74,1
DA:75,1
DA:78,1
DA:79,1
DA:80,1
DA:81,1
DA:84,1
DA:85,1
DA:86,1
DA:87,1
LF:61
LH:61
BRDA:1,0,0,1
BRDA:1,0,1,1
BRDA:12,1,0,1
BRDA:12,1,1,1
BRDA:17,2,0,1
BRDA:17,2,1,1
BRDA:23,3,0,1
BRDA:23,3,1,1
BRDA:29,4,0,1
BRDA:29,4,1,1
BRDA:35,5,0,1
BRDA:35,5,1,1
BRDA:42,6,0,1
BRDA:42,6,1,1
BRDA:49,7,0,1
BRDA:49,7,1,1
BRDA:54,8,0,1
BRDA:54,8,1,1
BRDA:60,9,0,1
BRDA:60,9,1,1
BRDA:66,10,0,1
BRDA:66,10,1,1
BRDA:72,11,0,1
BRDA:72,11,1,1
BRDA:78,12,0,1
BRDA:78,12,1,1
BRDA:84,13,0,1
BRDA:84,13,1,1
BRF:28
BRH:28
end_of_record
TN:
SF:src/Types/RoleType.ts
FN:3,(anonymous_0)
FNF:1
FNH:1
FNDA:1,(anonymous_0)
DA:3,1
DA:4,1
DA:5,1
DA:6,1
DA:7,1
LF:5
LH:5
BRDA:3,0,0,1
BRDA:3,0,1,1
BRF:2
BRH:2
end_of_record
TN:
SF:src/Types/TaskType.ts
FN:1,(anonymous_0)
FNF:1
FNH:1
FNDA:2,(anonymous_0)
DA:1,2
DA:2,2
DA:3,2
LF:3
LH:3
BRDA:1,0,0,2
BRDA:1,0,1,2
BRF:2
BRH:2
end_of_record
TN:
SF:src/Types/UserType.ts
FN:2,(anonymous_0)
FN:10,(anonymous_1)
FN:17,(anonymous_2)
FNF:3
FNH:3
FNDA:1,(anonymous_0)
FNDA:1,(anonymous_1)
FNDA:1,(anonymous_2)
DA:2,1
DA:3,1
DA:4,1
DA:5,1
DA:6,1
DA:7,1
DA:8,1
DA:10,1
DA:11,1
DA:12,1
DA:13,1
DA:14,1
DA:15,1
DA:17,1
DA:18,1
DA:19,1
DA:20,1
DA:21,1
LF:18
LH:18
BRDA:2,0,0,1
BRDA:2,0,1,1
BRDA:10,1,0,1
BRDA:10,1,1,1
BRDA:17,2,0,1
BRDA:17,2,1,1
BRF:6
BRH:6
end_of_record
